INFO:root:** Searching for valid configuration using delta-debugging algorithm
INFO:root:-------- running config 0 --------
INFO:root:within err threshold: true, error =  8.5764761321792E-20
INFO:root:runtime: 9999.0
INFO:root:Average runtime = 9999.0 s
INFO:root:-------- running config 1 --------
INFO:root:within err threshold: true, error =  4.2788933507509E-10
INFO:root:runtime: 9999.0
INFO:root:runtime = 9999.0 s
INFO:root:-------- running config 2 --------
INFO:root:within err threshold: true, error =  6.0648663868790E-10
INFO:root:runtime: 9999.0
INFO:root:runtime = 9999.0 s
INFO:root:-------- running config 3 --------
INFO:root:within err threshold: true, error =  5.4695420415030E-10
INFO:root:runtime: 9999.0
INFO:root:runtime = 9999.0 s
INFO:root:-------- running config 4 --------
INFO:root:within err threshold: false, error =  9.9999900000000E+05
INFO:root:runtime: 9999.0
INFO:root:runtime = 9999.0 s
INFO:root:-------- running config 5 --------
INFO:root:within err threshold: false, error =  9.9999900000000E+05
INFO:root:runtime: 9999.0
INFO:root:runtime = 9999.0 s
INFO:root:-------- running config 6 --------
INFO:root:within err threshold: true, error =  5.2090876057065E-10
INFO:root:runtime: 9999.0
INFO:root:runtime = 9999.0 s
INFO:root:-------- running config 7 --------
INFO:root:within err threshold: false, error =  9.9999900000000E+05
INFO:root:runtime: 9999.0
INFO:root:runtime = 9999.0 s
INFO:root:-------- running config 8 --------
INFO:root:within err threshold: false, error =  9.9999900000000E+05
INFO:root:runtime: 9999.0
INFO:root:runtime = 9999.0 s
INFO:root:-------- running config 9 --------
INFO:root:within err threshold: false, error =  9.9999900000000E+05
INFO:root:runtime: 9999.0
INFO:root:runtime = 9999.0 s
INFO:root:-------- running config 10 --------
INFO:root:within err threshold: true, error =  4.7625942078966E-10
INFO:root:runtime: 9999.0
INFO:root:runtime = 9999.0 s
INFO:root:-------- running config 11 --------
INFO:root:within err threshold: false, error =  9.9999900000000E+05
INFO:root:runtime: 9999.0
INFO:root:runtime = 9999.0 s
INFO:root:-------- running config 12 --------
INFO:root:within err threshold: false, error =  9.9999900000000E+05
INFO:root:runtime: 9999.0
INFO:root:runtime = 9999.0 s
INFO:root:-------- running config 13 --------
INFO:root:within err threshold: false, error =  9.9999900000000E+05
INFO:root:runtime: 9999.0
INFO:root:runtime = 9999.0 s
INFO:root:-------- running config 14 --------
INFO:root:within err threshold: false, error =  9.9999900000000E+05
INFO:root:runtime: 9999.0
INFO:root:runtime = 9999.0 s
INFO:root:Check dd2_valid_GMRES_IR.json for the valid configuration file
