INFO:root:** Searching for valid configuration using delta-debugging algorithm
INFO:root:-------- running config 0 --------
INFO:root:segmentation fault
INFO:root:runtime: 9999.0
INFO:root:Average runtime = 9999.0 s
INFO:root:-------- running config 1 --------
INFO:root:segmentation fault
INFO:root:runtime: 9999.0
INFO:root:runtime = 9999.0 s
INFO:root:-------- running config 2 --------
INFO:root:segmentation fault
INFO:root:runtime: 9999.0
INFO:root:runtime = 9999.0 s
INFO:root:-------- running config 3 --------
INFO:root:segmentation fault
INFO:root:runtime: 9999.0
INFO:root:runtime = 9999.0 s
INFO:root:-------- running config 4 --------
INFO:root:segmentation fault
INFO:root:runtime: 9999.0
INFO:root:runtime = 9999.0 s
INFO:root:-------- running config 5 --------
INFO:root:segmentation fault
INFO:root:runtime: 9999.0
INFO:root:runtime = 9999.0 s
INFO:root:-------- running config 6 --------
INFO:root:segmentation fault
INFO:root:runtime: 9999.0
INFO:root:runtime = 9999.0 s
INFO:root:-------- running config 7 --------
INFO:root:segmentation fault
INFO:root:runtime: 9999.0
INFO:root:runtime = 9999.0 s
INFO:root:-------- running config 8 --------
INFO:root:segmentation fault
INFO:root:runtime: 9999.0
INFO:root:runtime = 9999.0 s
INFO:root:-------- running config 9 --------
INFO:root:segmentation fault
INFO:root:runtime: 9999.0
INFO:root:runtime = 9999.0 s
INFO:root:-------- running config 10 --------
INFO:root:segmentation fault
INFO:root:runtime: 9999.0
INFO:root:runtime = 9999.0 s
INFO:root:-------- running config 11 --------
INFO:root:segmentation fault
INFO:root:runtime: 9999.0
INFO:root:runtime = 9999.0 s
INFO:root:-------- running config 12 --------
INFO:root:segmentation fault
INFO:root:runtime: 9999.0
INFO:root:runtime = 9999.0 s
INFO:root:-------- running config 13 --------
INFO:root:segmentation fault
INFO:root:runtime: 9999.0
INFO:root:runtime = 9999.0 s
INFO:root:-------- running config 14 --------
INFO:root:segmentation fault
INFO:root:runtime: 9999.0
INFO:root:runtime = 9999.0 s
INFO:root:-------- running config 15 --------
INFO:root:segmentation fault
INFO:root:runtime: 9999.0
INFO:root:runtime = 9999.0 s
INFO:root:-------- running config 16 --------
INFO:root:segmentation fault
INFO:root:runtime: 9999.0
INFO:root:runtime = 9999.0 s
