INFO:root:** Searching for valid configuration using delta-debugging algorithm
INFO:root:-------- running config 0 --------
INFO:root:within err threshold: true, error =  1.4630459816499E-19
INFO:root:runtime: 9999.0
INFO:root:Average runtime = 9999.0 s
INFO:root:-------- running config 1 --------
INFO:root:within err threshold: true, error =  4.7625942078966E-10
INFO:root:runtime: 9999.0
INFO:root:runtime = 9999.0 s
INFO:root:-------- running config 2 --------
INFO:root:within err threshold: true, error =  4.7625942078966E-10
INFO:root:runtime: 9999.0
INFO:root:runtime = 9999.0 s
INFO:root:-------- running config 3 --------
INFO:root:within err threshold: true, error =  4.6137635378862E-10
INFO:root:runtime: 9999.0
INFO:root:runtime = 9999.0 s
INFO:root:-------- running config 4 --------
INFO:root:within err threshold: false, error =  9.9999900000000E+05
INFO:root:runtime: 9999.0
INFO:root:runtime = 9999.0 s
INFO:root:-------- running config 5 --------
INFO:root:within err threshold: false, error =  9.9999900000000E+05
INFO:root:runtime: 9999.0
INFO:root:runtime = 9999.0 s
INFO:root:-------- running config 6 --------
INFO:root:within err threshold: false, error =  9.9999900000000E+05
INFO:root:runtime: 9999.0
INFO:root:runtime = 9999.0 s
INFO:root:No valid and speedup configuration file!
