INFO:root:** Searching for valid configuration using delta-debugging algorithm
INFO:root:-------- running config 0 --------
INFO:root:within err threshold: true, error =  4.4649323127643E-10
INFO:root:runtime: 39588700.0
INFO:root:Average runtime = 39588700.0 s
INFO:root:-------- running config 1 --------
INFO:root:within err threshold: true, error =  5.5858162539835E-10
INFO:root:runtime: 16429100.0
INFO:root:runtime = 16429100.0 s
INFO:root:-------- running config 2 --------
INFO:root:within err threshold: true, error =  4.1672701400763E-10
INFO:root:runtime: 10503700.0
INFO:root:runtime = 10503700.0 s
INFO:root:-------- running config 3 --------
INFO:root:within err threshold: true, error =  3.5998518055358E-10
INFO:root:runtime: 10503700.0
INFO:root:runtime = 10503700.0 s
INFO:root:-------- running config 4 --------
INFO:root:within err threshold: false, error =  9.9999900000000E+05
INFO:root:runtime: 8954640.0
INFO:root:runtime = 8954640.0 s
INFO:root:-------- running config 5 --------
INFO:root:within err threshold: false, error =  9.9999900000000E+05
INFO:root:runtime: 10488700.0
INFO:root:runtime = 10488700.0 s
INFO:root:-------- running config 6 --------
INFO:root:within err threshold: false, error =  9.9999900000000E+05
INFO:root:runtime: 8854520.0
INFO:root:runtime = 8854520.0 s
INFO:root:Check dd2_valid_GMRES_IR.json for the valid configuration file
